  852  ll
  853  cd ..
  854  code .
  855  ll
  856  cd backend/
  857  ll
  858  cd /media/franck/c5ec48af-c94e-4032-9dc9-c0f278bd4212/franck/workspace/learning/alyra/07-dApp
  859  ll
  860  cd 05-Web3JS\ -\ NextJS/
  861  ll
  862  cd 01-dapp/
  863  ll
  864  cd frontend/
  865  ll
  866  history > history.log
  867  cd '/media/franck/c5ec48af-c94e-4032-9dc9-c0f278bd4212/franck/workspace/learning/alyra/05-Security/04-exercices - 2023-05-15'
  868  cd ..
  869  ll
  870  cd ..
  871  ll
  872  cd 07-dApp/
  873  ll
  874  cd 05-Web3JS\ -\ NextJS/
  875  ll
  876  cd 01-dapp/
  877  yarn hardhat node
  878  ll
  879  cd backend/
  880  yarn hardhat node
  881  l
  882  ll
  883  ll .bashrc 
  884  batcat .bashrc 
  885  grep "exa" .bashrc 
  886  ll
  887  batcat .profile 
  888  ll
  889  alias
  890  cd workspace
  891  tree -n 3
  892  tree -h
  893  tree --help
  894  tree -L 5
  895  tree -L 3
  896  tree -L 2
  897  htop
  898  neofetch 
  899  npx create-next-app@latest ./
  900  ll
  901  npx create-next-app@latest ./
  902  code .
  903  mkdir backend
  904  mkdir frontend
  905  cd backend/
  906  yarn hardhat
  907  hardhat init
  908  yarn hardhat init
  909  yarn add hardhat
  910  yarn hardhat
  911  yarn hardhat run ./scripts/deploy.js 
  912  history > cli.log
  913  batcat cli.log 
  914  yarn hardhat run ./scripts/deploy.js 
  915  yarn hardhat run ./scripts/deploy.js --network localhost
  916  yarn hardhat node
  917  history > cli.log
  918  yarn hardhat run ./scripts/deploy.js --network localhost
  919  batcat cli.log 
  920  history > cli.log
  921  php speeddial.php 
  922  cd workspace/learning/alyra/07-dApp/05-Web3JS\ -\ NextJS/02-dapp-exo/frontend/
  923  yarn add harhat
  924  ll
  925  batcat package.json 
  926  yarn hardhat init
  927  ll
  928  yarn hardhat node
  929  cd ..
  930  cd backend/
  931  npx hardhat node
  932  clear
  933  npx hardhat node
  934  mm
  935  ll
  936  clear
  937  ll
  938  code .
  939  yarn hardhat node
  940  cd workspace/learning/alyra/07-dApp/05-Web3JS\ -\ NextJS/02-dapp-exo/frontend/
  941  ll
  942  yarn hardhat node
  943  yarn hardhat node_modules/yarn hardhat
  944  ll
  945  clear
  946  npm init
  947  npm install --save-dev hardhat
  948  npx hardhat
  949  history|tail -n 200 > history.log
  950  ll
  951  history 
  952  code .
  953  cd ..
  954  code .
  955  cd frontend/
  956  cd ..
  957  ll
  958  mv frontend/ frontend2/
  959  ll
  960  mv backend/ frontend/
  961  ll
  962  mv frontend2/ backend/
  963  cd backend/
  964  npx hardhat compil
  965  npx hardhat compile
  966  ll
  967  clear
  968  yarn add hardhat
  969  yarn hardhat
  970  yarn hardhat compile
  971  history|tail -n 200 > history.log
  972  history 
  973  yarn hardhat compile
  974  ll
  975  alias
  976  cd workspace/learning/alyra/
  977  ll
  978  cd 07-dApp/
  979  ll
  980  cd 05-Web3JS\ -\ NextJS/
  981  ll
  982  cd 02-dapp-exo/
  983  ll
  984  cd frontend/
  985  ll
  986  cd ..
  987  cdll
  988  ll
  989  cd frontend/
  990  cd "~/workspace/learning/alyra/07-dApp/05-Web3JS - NextJS"
  991  cd workspace/learning/alyra/07-dApp/05-Web3JS\ -\ NextJS/
  992  ll
  993  cd 03-dapp-nextjs/
  994  npx next dev
  995  cd workspace/learning/alyra/
  996  ll
  997  cd 07-dApp/
  998  ll
  999  cd 05-Web3JS\ -\ NextJS/
 1000  ll
 1001  cd 03-dapp-nextjs/
 1002  npx create-next-app@latest .
 1003  ll
 1004  code .
 1005  npx run dev
 1006  npx next dev
 1007  ll
 1008  history  > history.log
 1009  neofetch 
 1010  hrop
 1011  htop
 1012  neofetch 
 1013  ll
 1014  neofetch 
 1015  rustc --version
 1016  rustup --version
 1017  rustup --help
 1018  rustup update
 1019  btop
 1020  cd workspace/learning/alyra/07-dApp/05-Web3JS\ -\ NextJS/
 1021  ll
 1022  cd 01-dapp/
 1023  ll
 1024  cd frontend/
 1025  ll
 1026  cd ../backend/
 1027  ll
 1028  batcat package.json 
 1029  ll
 1030  batcat cli.log 
 1031  ll
 1032  batcat cli.log 
 1033  cd ..
 1034  ll
 1035  cd slides_cours/
 1036  ll
 1037  htop
 1038  sudo apt update 
 1039  sudo apt upgrade 
 1040  btop
 1041  date
 1042  cd workspace/learning/alyra/07-dApp/TP/tp3-truffle-react/
 1043  ll
 1044  alias
 1045  ll
 1046  mkdir backup
 1047  cd truffle/
 1048  ll
 1049  cd ..
 1050  ll
 1051  bcli
